<?xml version="1.0" encoding="UTF-8"?>
<!-- Generated by org.testng.reporters.JUnitReportReporter -->
<testsuite hostname="DESKTOP-9B29BP4" failures="0" tests="1" name="testcases.ResgistrationVerification" time="4.214" errors="0" timestamp="05 Apr 2025 09:01:00 GMT" skipped="0">
  <testcase classname="testcases.ResgistrationVerification" name="test" time="4.214"/>
</testsuite> <!-- testcases.ResgistrationVerification -->
