<?xml version="1.0" encoding="UTF-8"?>
<!-- Generated by org.testng.reporters.JUnitReportReporter -->
<testsuite hostname="DESKTOP-9B29BP4" failures="0" tests="2" name="testcases.ResgistrationVerification" time="26.219" errors="0" timestamp="06 Apr 2025 09:02:58 GMT" skipped="0">
  <testcase classname="testcases.ResgistrationVerification" name="test" time="15.148"/>
  <testcase classname="testcases.ResgistrationVerification" name="test" time="11.071"/>
</testsuite> <!-- testcases.ResgistrationVerification -->
